<?xml version="1.0" encoding="UTF-8"?>
<testsuite name="ReverseStringTest" tests="6" skipped="0" failures="0" errors="0" timestamp="2025-02-19T07:03:44" hostname="DESKTOP-PS9LSPL" time="0.216">
  <properties/>
  <testcase name="testAWord()" classname="ReverseStringTest" time="0.138"/>
  <testcase name="testAnEmptyString()" classname="ReverseStringTest" time="0.003"/>
  <testcase name="testACapitalizedWord()" classname="ReverseStringTest" time="0.022"/>
  <testcase name="testASentenceWithPunctuation()" classname="ReverseStringTest" time="0.01"/>
  <testcase name="testAPalindrome()" classname="ReverseStringTest" time="0.005"/>
  <testcase name="testAnEvenSizedWord()" classname="ReverseStringTest" time="0.004"/>
  <system-out><![CDATA[]]></system-out>
  <system-err><![CDATA[]]></system-err>
</testsuite>
