<?xml version="1.0" encoding="UTF-8"?>
<testsuite name="StateOfTicTacToeTest" tests="27" skipped="0" failures="0" errors="0" timestamp="2025-02-28T09:30:29" hostname="DESKTOP-PS9LSPL" time="0.427">
  <properties/>
  <testcase name="testFinishedGameWhereXWonViaMiddleRowVictory()" classname="StateOfTicTacToeTest" time="0.131"/>
  <testcase name="testFinishedGameWhereXWonViaARowAndAColumnVictory()" classname="StateOfTicTacToeTest" time="0.007"/>
  <testcase name="testFinishedGameWhereOWonViaRightColumnVictory()" classname="StateOfTicTacToeTest" time="0.005"/>
  <testcase name="testFinishedGameWhereXWonViaTwoDiagonalVictories()" classname="StateOfTicTacToeTest" time="0.005"/>
  <testcase name="testFinishedGameWhereOWonViaFallingDiagonalVictory()" classname="StateOfTicTacToeTest" time="0.008"/>
  <testcase name="testDraw()" classname="StateOfTicTacToeTest" time="0.006"/>
  <testcase name="testFinishedGameWhereXWonViaBottomRowVictory()" classname="StateOfTicTacToeTest" time="0.006"/>
  <testcase name="testAnotherDraw()" classname="StateOfTicTacToeTest" time="0.003"/>
  <testcase name="testFinishedGameWhereXWonViaRisingDiagonalVictory()" classname="StateOfTicTacToeTest" time="0.005"/>
  <testcase name="testFinishedGameWhereOWonViaMiddleRowVictory()" classname="StateOfTicTacToeTest" time="0.002"/>
  <testcase name="testFinishedGameWhereOWonViaMiddleColumnVictory()" classname="StateOfTicTacToeTest" time="0.001"/>
  <testcase name="testFinishedGameWhereOWonViaTopRowVictory()" classname="StateOfTicTacToeTest" time="0.003"/>
  <testcase name="testOngoingGameTwoMovesIn()" classname="StateOfTicTacToeTest" time="0.003"/>
  <testcase name="testFinishedGameWhereXWonViaMiddleColumnVictory()" classname="StateOfTicTacToeTest" time="0.011"/>
  <testcase name="testFinishedGameWhereOWonViaBottomRowVictory()" classname="StateOfTicTacToeTest" time="0.01"/>
  <testcase name="testFinishedGameWhereXWonViaTopRowVictory()" classname="StateOfTicTacToeTest" time="0.007"/>
  <testcase name="testFinishedGameWhereXWonViaFallingDiagonalVictory()" classname="StateOfTicTacToeTest" time="0.007"/>
  <testcase name="testOngoingGameFiveMovesIn()" classname="StateOfTicTacToeTest" time="0.009"/>
  <testcase name="testOngoingGameOneMoveIn()" classname="StateOfTicTacToeTest" time="0.005"/>
  <testcase name="testFinishedGameWhereXWonViaLeftColumnVictory()" classname="StateOfTicTacToeTest" time="0.008"/>
  <testcase name="testFinishedGameWhereXWonViaRightColumnVictory()" classname="StateOfTicTacToeTest" time="0.002"/>
  <testcase name="testInvalidBoardPlayersKeptPlayingAfterAWin()" classname="StateOfTicTacToeTest" time="0.008"/>
  <testcase name="testFinishedGameWhereOWonViaRisingDiagonalVictory()" classname="StateOfTicTacToeTest" time="0.006"/>
  <testcase name="testInvalidBoardXWentTwice()" classname="StateOfTicTacToeTest" time="0.005"/>
  <testcase name="testInvalidBoard()" classname="StateOfTicTacToeTest" time="0.003"/>
  <testcase name="testFinishedGameWhereOWonViaLeftColumnVictory()" classname="StateOfTicTacToeTest" time="0.003"/>
  <testcase name="testInvalidBoardOStarted()" classname="StateOfTicTacToeTest" time="0.009"/>
  <system-out><![CDATA[]]></system-out>
  <system-err><![CDATA[]]></system-err>
</testsuite>
