<?xml version="1.0" encoding="UTF-8"?>
<testsuite name="ResistorColorTrioTest" tests="10" skipped="0" failures="0" errors="0" timestamp="2025-02-20T07:49:54" hostname="DESKTOP-PS9LSPL" time="0.259">
  <properties/>
  <testcase name="testBlueAndVioletAndBlue()" classname="ResistorColorTrioTest" time="0.134"/>
  <testcase name="testOrangeAndOrangeAndBlack()" classname="ResistorColorTrioTest" time="0.009"/>
  <testcase name="testWhiteAndWhiteAndWhite()" classname="ResistorColorTrioTest" time="0.005"/>
  <testcase name="testYellowAndVioletAndYellow()" classname="ResistorColorTrioTest" time="0.006"/>
  <testcase name="testGreenAndBrownAndOrange()" classname="ResistorColorTrioTest" time="0.006"/>
  <testcase name="testRedAndBlackAndRed()" classname="ResistorColorTrioTest" time="0.02"/>
  <testcase name="testIgnoreExtraColors()" classname="ResistorColorTrioTest" time="0.007"/>
  <testcase name="testBlackAndBlackAndBlack()" classname="ResistorColorTrioTest" time="0.007"/>
  <testcase name="testFirstTwoColorsMakeAnInvalidOctalNumber()" classname="ResistorColorTrioTest" time="0.005"/>
  <testcase name="testBlueAndGreyAndBrown()" classname="ResistorColorTrioTest" time="0.005"/>
  <system-out><![CDATA[]]></system-out>
  <system-err><![CDATA[]]></system-err>
</testsuite>
