<?xml version="1.0" encoding="UTF-8"?>
<testsuite name="RomanNumeralsTest" tests="27" skipped="0" failures="0" errors="0" timestamp="2025-03-09T07:36:13" hostname="DESKTOP-PS9LSPL" time="0.647">
  <properties/>
  <testcase name="test3000ToRomanNumberMMM()" classname="RomanNumeralsTest" time="0.144"/>
  <testcase name="test3001ToRomanNumberMMMI()" classname="RomanNumeralsTest" time="0.002"/>
  <testcase name="test666ToRomanNumberDCLXVI()" classname="RomanNumeralsTest" time="0.014"/>
  <testcase name="test9ToRomanNumberIX()" classname="RomanNumeralsTest" time="0.008"/>
  <testcase name="test575ToRomanNumberDLXXV()" classname="RomanNumeralsTest" time="0.008"/>
  <testcase name="test49ToRomanNumberXLIX()" classname="RomanNumeralsTest" time="0.01"/>
  <testcase name="test1ToRomanNumberI()" classname="RomanNumeralsTest" time="0.019"/>
  <testcase name="test48ToRomanNumberXLVIII()" classname="RomanNumeralsTest" time="0.007"/>
  <testcase name="test3ToRomanNumberIII()" classname="RomanNumeralsTest" time="0.008"/>
  <testcase name="test1666ToRomanNumberMDCLXVI()" classname="RomanNumeralsTest" time="0.015"/>
  <testcase name="test6ToRomanNumberVI()" classname="RomanNumeralsTest" time="0.02"/>
  <testcase name="test66ToRomanNumberLXVI()" classname="RomanNumeralsTest" time="0.008"/>
  <testcase name="test911ToRomanNumberCMXI()" classname="RomanNumeralsTest" time="0.01"/>
  <testcase name="test1024ToRomanNumberMXXIV()" classname="RomanNumeralsTest" time="0.006"/>
  <testcase name="test16ToRomanNumberXVI()" classname="RomanNumeralsTest" time="0.009"/>
  <testcase name="test59ToRomanNumberLIX()" classname="RomanNumeralsTest" time="0.006"/>
  <testcase name="test5ToRomanNumberV()" classname="RomanNumeralsTest" time="0.003"/>
  <testcase name="test27ToRomanNumberXXVII()" classname="RomanNumeralsTest" time="0.003"/>
  <testcase name="test141ToRomanNumberCXLI()" classname="RomanNumeralsTest" time="0.004"/>
  <testcase name="test4ToRomanNumberIV()" classname="RomanNumeralsTest" time="0.004"/>
  <testcase name="test3999ToRomanNumberMMMCMXCIX()" classname="RomanNumeralsTest" time="0.002"/>
  <testcase name="test163ToRomanNumberCLXIII()" classname="RomanNumeralsTest" time="0.025"/>
  <testcase name="test93ToRomanNumberXCIII()" classname="RomanNumeralsTest" time="0.009"/>
  <testcase name="test166ToRomanNumberCLXVI()" classname="RomanNumeralsTest" time="0.006"/>
  <testcase name="test2ToRomanNumberII()" classname="RomanNumeralsTest" time="0.004"/>
  <testcase name="test402ToRomanNumberCDII()" classname="RomanNumeralsTest" time="0.004"/>
  <testcase name="test3888ToRomanNumberMMMDCCCLXXXVIII()" classname="RomanNumeralsTest" time="0.002"/>
  <system-out><![CDATA[]]></system-out>
  <system-err><![CDATA[]]></system-err>
</testsuite>
