<?xml version="1.0" encoding="UTF-8"?>
<testsuite name="WordCountTest" tests="14" skipped="0" failures="0" errors="0" timestamp="2025-02-26T16:03:01" hostname="DESKTOP-PS9LSPL" time="0.693">
  <properties/>
  <testcase name="handlesExpandedLists()" classname="WordCountTest" time="0.425"/>
  <testcase name="withQuotations()" classname="WordCountTest" time="0.002"/>
  <testcase name="normalizeCase()" classname="WordCountTest" time="0.006"/>
  <testcase name="multipleSpacesNotDetectedAsAWord()" classname="WordCountTest" time="0.105"/>
  <testcase name="countOneOfEachWord()" classname="WordCountTest" time="0.003"/>
  <testcase name="handlesCrampedLists()" classname="WordCountTest" time="0.004"/>
  <testcase name="withApostrophes()" classname="WordCountTest" time="0.002"/>
  <testcase name="countOneWord()" classname="WordCountTest" time="0.004"/>
  <testcase name="alternatingWordSeperatorsNotDetectedAsAWord()" classname="WordCountTest" time="0.006"/>
  <testcase name="substringsFromTheBeginning()" classname="WordCountTest" time="0.002"/>
  <testcase name="multipleOccurrencesOfAWord()" classname="WordCountTest" time="0.007"/>
  <testcase name="quotationForWordWithApostrophe()" classname="WordCountTest" time="0.002"/>
  <testcase name="includeNumbers()" classname="WordCountTest" time="0.004"/>
  <testcase name="ignorePunctuation()" classname="WordCountTest" time="0.002"/>
  <system-out><![CDATA[]]></system-out>
  <system-err><![CDATA[]]></system-err>
</testsuite>
