<?xml version="1.0" encoding="UTF-8"?>
<testsuite name="SecretsTest" tests="8" skipped="0" failures="0" errors="0" timestamp="2025-02-18T20:43:49" hostname="DESKTOP-PS9LSPL" time="0.319">
  <properties/>
  <testcase name="flip bits in 38_460" classname="SecretsTest" time="0.196"/>
  <testcase name="set bits in 5" classname="SecretsTest" time="0.002"/>
  <testcase name="set bits in 5_652" classname="SecretsTest" time="0.003"/>
  <testcase name="clear bits from 5" classname="SecretsTest" time="0.034"/>
  <testcase name="shift -2_144_333_657 back 3 places" classname="SecretsTest" time="0.009"/>
  <testcase name="flip bits in 5" classname="SecretsTest" time="0.006"/>
  <testcase name="shift 8 back 2 places" classname="SecretsTest" time="0.005"/>
  <testcase name="clear bits from 90" classname="SecretsTest" time="0.011"/>
  <system-out><![CDATA[]]></system-out>
  <system-err><![CDATA[]]></system-err>
</testsuite>
