<?xml version="1.0" encoding="UTF-8"?>
<testsuite name="ProteinTranslatorTest" tests="31" skipped="0" failures="0" errors="0" timestamp="2025-02-21T11:10:51" hostname="DESKTOP-PS9LSPL" time="0.435">
  <properties/>
  <testcase name="testTryptophanRnaSequence1()" classname="ProteinTranslatorTest" time="0.129"/>
  <testcase name="testTranslationOfRnaToProteinList()" classname="ProteinTranslatorTest" time="0.007"/>
  <testcase name="testSequenceOfTwoProteinCodonsTranslatesIntoProteins()" classname="ProteinTranslatorTest" time="0.005"/>
  <testcase name="testMethionineRnaSequence()" classname="ProteinTranslatorTest" time="0.006"/>
  <testcase name="testSequenceOfTwoNonStopCodonsDoNotTranslateToAStopCodon()" classname="ProteinTranslatorTest" time="0.004"/>
  <testcase name="testTranslationStopsIfStopCodonInMiddle1()" classname="ProteinTranslatorTest" time="0.004"/>
  <testcase name="testTranslationStopsIfStopCodonInMiddle2()" classname="ProteinTranslatorTest" time="0.005"/>
  <testcase name="testEmptyRnaSequenceResultInNoproteins()" classname="ProteinTranslatorTest" time="0.006"/>
  <testcase name="testSequenceOfTwoDifferentProteinCodonsTranslatesIntoProteins()" classname="ProteinTranslatorTest" time="0.006"/>
  <testcase name="testTyrosineRnaSequence1()" classname="ProteinTranslatorTest" time="0.004"/>
  <testcase name="testTyrosineRnaSequence2()" classname="ProteinTranslatorTest" time="0.003"/>
  <testcase name="testNonExistingCodonCantTranslate()" classname="ProteinTranslatorTest" time="0.01"/>
  <testcase name="testIncompleteRnaSequenceCanTranslateIfValidUntilAStopCodon()" classname="ProteinTranslatorTest" time="0.004"/>
  <testcase name="testTranslationStopsIfStopCodonAtEnd1()" classname="ProteinTranslatorTest" time="0.004"/>
  <testcase name="testTranslationStopsIfStopCodonAtEnd2()" classname="ProteinTranslatorTest" time="0.003"/>
  <testcase name="testLeucineRnaSequence1()" classname="ProteinTranslatorTest" time="0.003"/>
  <testcase name="testLeucineRnaSequence2()" classname="ProteinTranslatorTest" time="0.003"/>
  <testcase name="testStopRnaSequence1()" classname="ProteinTranslatorTest" time="0.003"/>
  <testcase name="testStopRnaSequence2()" classname="ProteinTranslatorTest" time="0.002"/>
  <testcase name="testStopRnaSequence3()" classname="ProteinTranslatorTest" time="0.003"/>
  <testcase name="testPhenylalanineRnaSequence1()" classname="ProteinTranslatorTest" time="0.002"/>
  <testcase name="testPhenylalanineRnaSequence2()" classname="ProteinTranslatorTest" time="0.005"/>
  <testcase name="testUnknownAminoAcidsNotPartOfACodonCantTranslate()" classname="ProteinTranslatorTest" time="0.002"/>
  <testcase name="testSerineRnaSequence1()" classname="ProteinTranslatorTest" time="0.005"/>
  <testcase name="testSerineRnaSequence2()" classname="ProteinTranslatorTest" time="0.005"/>
  <testcase name="testSerineRnaSequence3()" classname="ProteinTranslatorTest" time="0.005"/>
  <testcase name="testSerineRnaSequence4()" classname="ProteinTranslatorTest" time="0.051"/>
  <testcase name="testTranslationStopsIfStopCodonAtBeginning()" classname="ProteinTranslatorTest" time="0.004"/>
  <testcase name="testIncompleteRnaSequenceCantTranslate()" classname="ProteinTranslatorTest" time="0.002"/>
  <testcase name="testCysteineRnaSequence1()" classname="ProteinTranslatorTest" time="0.003"/>
  <testcase name="testCysteineRnaSequence2()" classname="ProteinTranslatorTest" time="0.002"/>
  <system-out><![CDATA[]]></system-out>
  <system-err><![CDATA[]]></system-err>
</testsuite>
