<?xml version="1.0" encoding="UTF-8"?>
<testsuite name="BobTest" tests="25" skipped="0" failures="0" errors="0" timestamp="2025-02-24T19:37:24" hostname="DESKTOP-PS9LSPL" time="0.289">
  <properties/>
  <testcase name="forcefulQuestions()" classname="BobTest" time="0.13"/>
  <testcase name="shoutingWithSpecialCharacters()" classname="BobTest" time="0.006"/>
  <testcase name="saySomething()" classname="BobTest" time="0.003"/>
  <testcase name="statementContainingQuestionMark()" classname="BobTest" time="0.006"/>
  <testcase name="nonLettersWithQuestion()" classname="BobTest" time="0.005"/>
  <testcase name="nonQuestionEndingWithWhiteSpace()" classname="BobTest" time="0.003"/>
  <testcase name="askingANumericQuestion()" classname="BobTest" time="0.004"/>
  <testcase name="shoutingWithNoExclamationMark()" classname="BobTest" time="0.004"/>
  <testcase name="endingWithWhiteSpace()" classname="BobTest" time="0.003"/>
  <testcase name="prolongedSilence()" classname="BobTest" time="0.002"/>
  <testcase name="startingWithWhitespace()" classname="BobTest" time="0.003"/>
  <testcase name="alternateSilence()" classname="BobTest" time="0.002"/>
  <testcase name="questionWithOnlyNumbers()" classname="BobTest" time="0.004"/>
  <testcase name="talkingForcefully()" classname="BobTest" time="0.003"/>
  <testcase name="multipleLineQuestion()" classname="BobTest" time="0.001"/>
  <testcase name="prattlingOn()" classname="BobTest" time="0.001"/>
  <testcase name="shouting()" classname="BobTest" time="0.001"/>
  <testcase name="askingAQuestion()" classname="BobTest" time="0.002"/>
  <testcase name="otherWhiteSpace()" classname="BobTest" time="0.002"/>
  <testcase name="onlyNumbers()" classname="BobTest" time="0.002"/>
  <testcase name="shoutingNumbers()" classname="BobTest" time="0.004"/>
  <testcase name="shoutingGibberish()" classname="BobTest" time="0.002"/>
  <testcase name="askingGibberish()" classname="BobTest" time="0.003"/>
  <testcase name="usingAcronymsInRegularSpeech()" classname="BobTest" time="0.004"/>
  <testcase name="silence()" classname="BobTest" time="0.002"/>
  <system-out><![CDATA[]]></system-out>
  <system-err><![CDATA[]]></system-err>
</testsuite>
