<?xml version="1.0" encoding="UTF-8"?>
<testsuite name="RobotTest" tests="5" skipped="0" failures="0" errors="0" timestamp="2025-02-26T07:58:16" hostname="DESKTOP-PS9LSPL" time="0.355">
  <properties/>
  <testcase name="robotNamesAreUnique()" classname="RobotTest" time="0.306"/>
  <testcase name="sameRobotsHaveSameNames()" classname="RobotTest" time="0.014"/>
  <testcase name="differentRobotsHaveDifferentNames()" classname="RobotTest" time="0.004"/>
  <testcase name="hasName()" classname="RobotTest" time="0.003"/>
  <testcase name="resetName()" classname="RobotTest" time="0.007"/>
  <system-out><![CDATA[]]></system-out>
  <system-err><![CDATA[]]></system-err>
</testsuite>
