<?xml version="1.0" encoding="UTF-8"?>
<testsuite name="AtbashTest" tests="14" skipped="0" failures="0" errors="0" timestamp="2025-02-24T18:48:34" hostname="DESKTOP-PS9LSPL" time="0.396">
  <properties/>
  <testcase name="testEncodeYes()" classname="AtbashTest" time="0.269"/>
  <testcase name="testDecodeWithNoSpaces()" classname="AtbashTest" time="0.006"/>
  <testcase name="testEncodeMindBlowingly()" classname="AtbashTest" time="0.006"/>
  <testcase name="testEncodeNo()" classname="AtbashTest" time="0.003"/>
  <testcase name="testDecodeWithTooManySpaces()" classname="AtbashTest" time="0.004"/>
  <testcase name="testEncodeAllTheLetters()" classname="AtbashTest" time="0.009"/>
  <testcase name="testEncodeOmgInCapital()" classname="AtbashTest" time="0.001"/>
  <testcase name="testDecodeNumbers()" classname="AtbashTest" time="0.001"/>
  <testcase name="testDecodeExercism()" classname="AtbashTest" time="0.003"/>
  <testcase name="testEncodeDeepThought()" classname="AtbashTest" time="0.002"/>
  <testcase name="testDecodeAllTheLetters()" classname="AtbashTest" time="0.006"/>
  <testcase name="testEncodeNumbers()" classname="AtbashTest" time="0.003"/>
  <testcase name="testEncodeOmgWithSpaces()" classname="AtbashTest" time="0.02"/>
  <testcase name="testDecodeASentence()" classname="AtbashTest" time="0.008"/>
  <system-out><![CDATA[]]></system-out>
  <system-err><![CDATA[]]></system-err>
</testsuite>
