<?xml version="1.0" encoding="UTF-8"?>
<testsuite name="BankAccountTest" tests="17" skipped="0" failures="0" errors="0" timestamp="2025-03-04T08:03:58" hostname="DESKTOP-PS9LSPL" time="2.389">
  <properties/>
  <testcase name="multipleDeposits()" classname="BankAccountTest" time="0.122"/>
  <testcase name="canHandleConcurrentTransactions()" classname="BankAccountTest" time="2.093"/>
  <testcase name="cannotCheckBalanceOfClosedAccount()" classname="BankAccountTest" time="0.013"/>
  <testcase name="cannotDepositNegativeAmount()" classname="BankAccountTest" time="0.006"/>
  <testcase name="cannotDepositIntoUnopenedAccount()" classname="BankAccountTest" time="0.005"/>
  <testcase name="withdrawTwice()" classname="BankAccountTest" time="0.002"/>
  <testcase name="reopenedAccountDoesNotRetainBalance()" classname="BankAccountTest" time="0.007"/>
  <testcase name="cannotWithdrawNegativeAmount()" classname="BankAccountTest" time="0.009"/>
  <testcase name="singleDeposit()" classname="BankAccountTest" time="0.007"/>
  <testcase name="cannotWithdrawMoreThanWasDeposited()" classname="BankAccountTest" time="0.005"/>
  <testcase name="cannotWithdrawFromClosedAccount()" classname="BankAccountTest" time="0.01"/>
  <testcase name="cannotCloseAnAccountThatWasNotOpened()" classname="BankAccountTest" time="0.007"/>
  <testcase name="newlyOpenedAccountHasEmptyBalance()" classname="BankAccountTest" time="0.008"/>
  <testcase name="canDoMultipleOperationsSequentially()" classname="BankAccountTest" time="0.004"/>
  <testcase name="withdrawOnce()" classname="BankAccountTest" time="0.001"/>
  <testcase name="cannotOpenAnAlreadyOpenedAccount()" classname="BankAccountTest" time="0.002"/>
  <testcase name="cannotDepositIntoClosedAccount()" classname="BankAccountTest" time="0.007"/>
  <system-out><![CDATA[]]></system-out>
  <system-err><![CDATA[]]></system-err>
</testsuite>
