<?xml version="1.0" encoding="UTF-8"?>
<testsuite name="BadgeTest" tests="4" skipped="0" failures="0" errors="0" timestamp="2025-02-18T16:53:05" hostname="DESKTOP-PS9LSPL" time="0.182">
  <properties/>
  <testcase name="Printing a badge for the owner" classname="BadgeTest" time="0.145"/>
  <testcase name="Printing a badge for a new employee" classname="BadgeTest" time="0.012"/>
  <testcase name="Printing a badge for an employee" classname="BadgeTest" time="0.005"/>
  <testcase name="Printing a badge for the owner who is a new employee" classname="BadgeTest" time="0.002"/>
  <system-out><![CDATA[]]></system-out>
  <system-err><![CDATA[]]></system-err>
</testsuite>
