<?xml version="1.0" encoding="UTF-8"?>
<testsuite name="ErrorHandlingTest" tests="1" skipped="0" failures="0" errors="0" timestamp="2025-02-21T21:27:40" hostname="DESKTOP-PS9LSPL" time="0.123">
  <properties/>
  <testcase name="testReturnOptionalInstance()" classname="ErrorHandlingTest" time="0.123"/>
  <system-out><![CDATA[]]></system-out>
  <system-err><![CDATA[]]></system-err>
</testsuite>
