<?xml version="1.0" encoding="UTF-8"?>
<testsuite name="SpaceAgeTest" tests="8" skipped="0" failures="0" errors="0" timestamp="2025-02-21T20:15:33" hostname="DESKTOP-PS9LSPL" time="0.419">
  <properties/>
  <testcase name="ageOnSaturn()" classname="SpaceAgeTest" time="0.347"/>
  <testcase name="ageOnUranus()" classname="SpaceAgeTest" time="0.007"/>
  <testcase name="ageOnJupiter()" classname="SpaceAgeTest" time="0.012"/>
  <testcase name="ageOnMercury()" classname="SpaceAgeTest" time="0.012"/>
  <testcase name="ageOnEarth()" classname="SpaceAgeTest" time="0.003"/>
  <testcase name="ageOnVenus()" classname="SpaceAgeTest" time="0.003"/>
  <testcase name="ageOnMars()" classname="SpaceAgeTest" time="0.003"/>
  <testcase name="ageOnNeptune()" classname="SpaceAgeTest" time="0.002"/>
  <system-out><![CDATA[]]></system-out>
  <system-err><![CDATA[]]></system-err>
</testsuite>
