<?xml version="1.0" encoding="UTF-8"?>
<testsuite name="RunLengthEncodingTest" tests="13" skipped="0" failures="0" errors="0" timestamp="2025-02-26T13:14:42" hostname="DESKTOP-PS9LSPL" time="0.232">
  <properties/>
  <testcase name="decodeWithOnlySingleValues()" classname="RunLengthEncodingTest" time="0.115"/>
  <testcase name="decodeWithMixedValues()" classname="RunLengthEncodingTest" time="0.005"/>
  <testcase name="decodeWithLowercaseValues()" classname="RunLengthEncodingTest" time="0.005"/>
  <testcase name="encodeThenDecode()" classname="RunLengthEncodingTest" time="0.005"/>
  <testcase name="encodeWithNoSingleValues()" classname="RunLengthEncodingTest" time="0.002"/>
  <testcase name="encodeWithMixedValues()" classname="RunLengthEncodingTest" time="0.006"/>
  <testcase name="encodeWithLowercaseValues()" classname="RunLengthEncodingTest" time="0.002"/>
  <testcase name="encodeWithWhitespaceValues()" classname="RunLengthEncodingTest" time="0.01"/>
  <testcase name="decodeWithNoSingleValues()" classname="RunLengthEncodingTest" time="0.004"/>
  <testcase name="decodeEmpty()" classname="RunLengthEncodingTest" time="0.003"/>
  <testcase name="encodeWithOnlySingleValues()" classname="RunLengthEncodingTest" time="0.008"/>
  <testcase name="decodeWithWhitespaceValues()" classname="RunLengthEncodingTest" time="0.005"/>
  <testcase name="encodeEmpty()" classname="RunLengthEncodingTest" time="0.003"/>
  <system-out><![CDATA[]]></system-out>
  <system-err><![CDATA[]]></system-err>
</testsuite>
