<?xml version="1.0" encoding="UTF-8"?>
<testsuite name="IsogramCheckerTest" tests="14" skipped="0" failures="0" errors="0" timestamp="2025-02-22T09:11:55" hostname="DESKTOP-PS9LSPL" time="0.393">
  <properties/>
  <testcase name="testDuplicatedCharacterAndTwoHyphens()" classname="IsogramCheckerTest" time="0.205"/>
  <testcase name="testDuplicateEndAlphabet()" classname="IsogramCheckerTest" time="0.002"/>
  <testcase name="testIsogramWithDuplicatedHyphen()" classname="IsogramCheckerTest" time="0.009"/>
  <testcase name="testIsogramWithDuplicatedCharAfterHyphen()" classname="IsogramCheckerTest" time="0.018"/>
  <testcase name="testCaseInsensitive()" classname="IsogramCheckerTest" time="0.011"/>
  <testcase name="testLowercaseIsogram()" classname="IsogramCheckerTest" time="0.002"/>
  <testcase name="testNotIsogram()" classname="IsogramCheckerTest" time="0.006"/>
  <testcase name="testMadeUpNameThatIsAnIsogram()" classname="IsogramCheckerTest" time="0.007"/>
  <testcase name="testEmptyString()" classname="IsogramCheckerTest" time="0.008"/>
  <testcase name="testIsogramWithHyphen()" classname="IsogramCheckerTest" time="0.001"/>
  <testcase name="testDuplicateMixedCase()" classname="IsogramCheckerTest" time="0.008"/>
  <testcase name="testSameFirstAndLast()" classname="IsogramCheckerTest" time="0.001"/>
  <testcase name="testMediumLongIsogram()" classname="IsogramCheckerTest" time="0.002"/>
  <testcase name="testDuplicatedCharacterInTheMiddleIsNotIsogram()" classname="IsogramCheckerTest" time="0.039"/>
  <system-out><![CDATA[]]></system-out>
  <system-err><![CDATA[]]></system-err>
</testsuite>
