<?xml version="1.0" encoding="UTF-8"?>
<testsuite name="HammingTest" tests="9" skipped="0" failures="0" errors="0" timestamp="2025-02-20T20:35:00" hostname="DESKTOP-PS9LSPL" time="0.254">
  <properties/>
  <testcase name="testCompleteDistanceInSingleLetterDifferentStrands()" classname="HammingTest" time="0.146"/>
  <testcase name="testNoDistanceBetweenEmptyStrands()" classname="HammingTest" time="0.007"/>
  <testcase name="testNoDistanceBetweenShortIdenticalStrands()" classname="HammingTest" time="0.005"/>
  <testcase name="testDisallowLeftEmptyStrand()" classname="HammingTest" time="0.012"/>
  <testcase name="testDistanceInLongIdenticalStrands()" classname="HammingTest" time="0.005"/>
  <testcase name="testDisallowRightEmptyStrand()" classname="HammingTest" time="0.01"/>
  <testcase name="testDistanceInLongDifferentStrands()" classname="HammingTest" time="0.005"/>
  <testcase name="testValidatesFirstStrandNotLonger()" classname="HammingTest" time="0.007"/>
  <testcase name="testValidatesSecondStrandNotLonger()" classname="HammingTest" time="0.007"/>
  <system-out><![CDATA[]]></system-out>
  <system-err><![CDATA[]]></system-err>
</testsuite>
