<?xml version="1.0" encoding="UTF-8"?>
<testsuite name="ZebraPuzzleTest" tests="2" skipped="0" failures="0" errors="0" timestamp="2025-03-18T15:29:50" hostname="GEGE" time="0.039">
  <properties/>
  <testcase name="residentWhoOwnsZebra()" classname="ZebraPuzzleTest" time="0.036"/>
  <testcase name="residentWhoDrinksWater()" classname="ZebraPuzzleTest" time="0.001"/>
  <system-out><![CDATA[]]></system-out>
  <system-err><![CDATA[]]></system-err>
</testsuite>
