<?xml version="1.0" encoding="UTF-8"?>
<testsuite name="NucleotideCounterTest" tests="5" skipped="0" failures="0" errors="0" timestamp="2025-02-25T11:22:39" hostname="DESKTOP-PS9LSPL" time="0.205">
  <properties/>
  <testcase name="testDnaStringHasOneNucleotide()" classname="NucleotideCounterTest" time="0.152"/>
  <testcase name="testDnaStringHasMultipleNucleotide()" classname="NucleotideCounterTest" time="0.003"/>
  <testcase name="testEmptyDnaStringHasNoNucleotides()" classname="NucleotideCounterTest" time="0.01"/>
  <testcase name="testDnaStringHasInvalidNucleotides()" classname="NucleotideCounterTest" time="0.014"/>
  <testcase name="testRepetitiveSequenceWithOnlyGuanine()" classname="NucleotideCounterTest" time="0.006"/>
  <system-out><![CDATA[]]></system-out>
  <system-err><![CDATA[]]></system-err>
</testsuite>
