<?xml version="1.0" encoding="UTF-8"?>
<testsuite name="ResistorColorTest" tests="4" skipped="0" failures="0" errors="0" timestamp="2025-02-19T16:58:32" hostname="DESKTOP-PS9LSPL" time="0.171">
  <properties/>
  <testcase name="testWhiteColorCode()" classname="ResistorColorTest" time="0.123"/>
  <testcase name="testColors()" classname="ResistorColorTest" time="0.017"/>
  <testcase name="testBlackColorCode()" classname="ResistorColorTest" time="0.004"/>
  <testcase name="testOrangeColorCode()" classname="ResistorColorTest" time="0.009"/>
  <system-out><![CDATA[]]></system-out>
  <system-err><![CDATA[]]></system-err>
</testsuite>
