<?xml version="1.0" encoding="UTF-8"?>
<testsuite name="RectangleCounterTest" tests="14" skipped="0" failures="0" errors="0" timestamp="2025-03-21T14:55:38" hostname="GEGE" time="0.059">
  <properties/>
  <testcase name="testThatIncompleteRectanglesAreNotCounted()" classname="RectangleCounterTest" time="0.039"/>
  <testcase name="testNonTrivialInputWithNoRectangles()" classname="RectangleCounterTest" time="0.0"/>
  <testcase name="testRectanglesMustHaveFourSides()" classname="RectangleCounterTest" time="0.0"/>
  <testcase name="testInputWithNoRowsContainsNoRectangles()" classname="RectangleCounterTest" time="0.001"/>
  <testcase name="testThatRectanglesOfDifferentSizesAreAllCounted()" classname="RectangleCounterTest" time="0.001"/>
  <testcase name="testInputWithNoColumnsContainsNoRectangles()" classname="RectangleCounterTest" time="0.001"/>
  <testcase name="testThatRectangleOfWidthOneIsCounted()" classname="RectangleCounterTest" time="0.001"/>
  <testcase name="testInputWithFiveRectanglesWithSharedEdges()" classname="RectangleCounterTest" time="0.0"/>
  <testcase name="testThatRectangleOfHeightOneIsCounted()" classname="RectangleCounterTest" time="0.001"/>
  <testcase name="testThatOneByOneSquareIsCounted()" classname="RectangleCounterTest" time="0.0"/>
  <testcase name="testInputWithTwoRectanglesWithoutSharedEdges()" classname="RectangleCounterTest" time="0.001"/>
  <testcase name="testLargeInputWithManyRectangles()" classname="RectangleCounterTest" time="0.001"/>
  <testcase name="testInputWithOneRectangle()" classname="RectangleCounterTest" time="0.001"/>
  <testcase name="testThatIntersectionsWithoutCornerCharacterDoNotCountAsRectangleCorners()" classname="RectangleCounterTest" time="0.0"/>
  <system-out><![CDATA[]]></system-out>
  <system-err><![CDATA[]]></system-err>
</testsuite>
