<?xml version="1.0" encoding="UTF-8"?>
<testsuite name="BuildTreeTest" tests="11" skipped="0" failures="0" errors="0" timestamp="2025-03-17T11:31:39" hostname="GEGE" time="0.069">
  <properties/>
  <testcase name="testOneRecord()" classname="BuildTreeTest" time="0.036"/>
  <testcase name="testBinaryTree()" classname="BuildTreeTest" time="0.001"/>
  <testcase name="testUnbalancedTree()" classname="BuildTreeTest" time="0.001"/>
  <testcase name="testEmptyList()" classname="BuildTreeTest" time="0.002"/>
  <testcase name="testNonContinuousRecords()" classname="BuildTreeTest" time="0.012"/>
  <testcase name="testNoRootNode()" classname="BuildTreeTest" time="0.001"/>
  <testcase name="testCycleIndirectly()" classname="BuildTreeTest" time="0.001"/>
  <testcase name="testThreeRecordsInReverseOrder()" classname="BuildTreeTest" time="0.0"/>
  <testcase name="testThreeRecordsInOrder()" classname="BuildTreeTest" time="0.001"/>
  <testcase name="testRecordsWithMoreThanTwoChildren()" classname="BuildTreeTest" time="0.001"/>
  <testcase name="testRootNodeHasParent()" classname="BuildTreeTest" time="0.003"/>
  <system-out><![CDATA[]]></system-out>
  <system-err><![CDATA[]]></system-err>
</testsuite>
