<?xml version="1.0" encoding="UTF-8"?>
<testsuite name="SquareRootTest" tests="6" skipped="0" failures="0" errors="0" timestamp="2025-02-26T15:52:54" hostname="DESKTOP-PS9LSPL" time="0.285">
  <properties/>
  <testcase name="Square root of 65025" classname="SquareRootTest" time="0.24"/>
  <testcase name="Square root of 1" classname="SquareRootTest" time="0.002"/>
  <testcase name="Square root of 4" classname="SquareRootTest" time="0.003"/>
  <testcase name="Square root of 196" classname="SquareRootTest" time="0.007"/>
  <testcase name="Square root of 25" classname="SquareRootTest" time="0.002"/>
  <testcase name="Square root of 81" classname="SquareRootTest" time="0.005"/>
  <system-out><![CDATA[]]></system-out>
  <system-err><![CDATA[]]></system-err>
</testsuite>
