<?xml version="1.0" encoding="UTF-8"?>
<testsuite name="PalindromeCalculatorTest" tests="13" skipped="0" failures="0" errors="0" timestamp="2025-03-20T21:39:48" hostname="GEGE" time="1.885">
  <properties/>
  <testcase name="largestPalindromeFromSingleDigitFactors()" classname="PalindromeCalculatorTest" time="0.037"/>
  <testcase name="errorLargestMinIsMoreThanMax()" classname="PalindromeCalculatorTest" time="0.013"/>
  <testcase name="smallestPalindromeFromTripleDigitFactors()" classname="PalindromeCalculatorTest" time="0.041"/>
  <testcase name="smallestPalindromeFromQuadDigitFactors()" classname="PalindromeCalculatorTest" time="0.914"/>
  <testcase name="largestPalindromeFromTripleDigitFactors()" classname="PalindromeCalculatorTest" time="0.011"/>
  <testcase name="smallestProductDoesNotUseTheSmallestFactor()" classname="PalindromeCalculatorTest" time="0.008"/>
  <testcase name="errorSmallestMinIsMoreThanMax()" classname="PalindromeCalculatorTest" time="0.002"/>
  <testcase name="smallestPalindromeFromDoubleDigitFactors()" classname="PalindromeCalculatorTest" time="0.0"/>
  <testcase name="emtpyResultSmallestNoPalindromeInRange()" classname="PalindromeCalculatorTest" time="0.0"/>
  <testcase name="largestPalindromeFromQuadDigitFactors()" classname="PalindromeCalculatorTest" time="0.847"/>
  <testcase name="emptyResultLargestNoPalindromeInRange()" classname="PalindromeCalculatorTest" time="0.0"/>
  <testcase name="smallestPalindromeFromSingleDigitFactors()" classname="PalindromeCalculatorTest" time="0.0"/>
  <testcase name="largestPalindromeFromDoubleDigitFactors()" classname="PalindromeCalculatorTest" time="0.001"/>
  <system-out><![CDATA[]]></system-out>
  <system-err><![CDATA[]]></system-err>
</testsuite>
