<?xml version="1.0" encoding="UTF-8"?>
<testsuite name="TwoBucketTest" tests="9" skipped="0" failures="0" errors="0" timestamp="2025-03-17T17:24:08" hostname="GEGE" time="0.05">
  <properties/>
  <testcase name="testGoalLargerThanBothBucketsIsImpossible()" classname="TwoBucketTest" time="0.037"/>
  <testcase name="testBucketOneSizeOneBucketTwoSizeThreeStartWithTwo()" classname="TwoBucketTest" time="0.003"/>
  <testcase name="testBucketOneSizeTwoBucketTwoSizeThreeStartWithOne()" classname="TwoBucketTest" time="0.001"/>
  <testcase name="testBucketOneSizeSixBucketTwoSizeFifteenStartWithOne()" classname="TwoBucketTest" time="0.0"/>
  <testcase name="testReachingGoalIsImpossible()" classname="TwoBucketTest" time="0.001"/>
  <testcase name="testBucketOneSizeSevenBucketTwoSizeElevenStartWithOne()" classname="TwoBucketTest" time="0.001"/>
  <testcase name="testBucketOneSizeSevenBucketTwoSizeElevenStartWithTwo()" classname="TwoBucketTest" time="0.001"/>
  <testcase name="testBucketOneSizeThreeBucketTwoSizeFiveStartWithOne()" classname="TwoBucketTest" time="0.001"/>
  <testcase name="testBucketOneSizeThreeBucketTwoSizeFiveStartWithTwo()" classname="TwoBucketTest" time="0.0"/>
  <system-out><![CDATA[]]></system-out>
  <system-err><![CDATA[]]></system-err>
</testsuite>
