<?xml version="1.0" encoding="UTF-8"?>
<testsuite name="PrimeFactorsCalculatorTest" tests="12" skipped="0" failures="0" errors="0" timestamp="2025-02-25T19:10:59" hostname="DESKTOP-PS9LSPL" time="0.24">
  <properties/>
  <testcase name="testProductOfSecondPrime()" classname="PrimeFactorsCalculatorTest" time="0.137"/>
  <testcase name="testProductOfThirdPrime()" classname="PrimeFactorsCalculatorTest" time="0.006"/>
  <testcase name="testProductOfPrimes()" classname="PrimeFactorsCalculatorTest" time="0.004"/>
  <testcase name="testProductOfFirstPrime()" classname="PrimeFactorsCalculatorTest" time="0.004"/>
  <testcase name="testCubeOfAPrime()" classname="PrimeFactorsCalculatorTest" time="0.003"/>
  <testcase name="testNoFactors()" classname="PrimeFactorsCalculatorTest" time="0.006"/>
  <testcase name="testProductOfPrimesAndNonPrimes()" classname="PrimeFactorsCalculatorTest" time="0.003"/>
  <testcase name="testPrimeNumber()" classname="PrimeFactorsCalculatorTest" time="0.006"/>
  <testcase name="testSquareOfAPrime()" classname="PrimeFactorsCalculatorTest" time="0.004"/>
  <testcase name="testProductOfFirstAndSecondPrime()" classname="PrimeFactorsCalculatorTest" time="0.005"/>
  <testcase name="testAnotherPrimeNumber()" classname="PrimeFactorsCalculatorTest" time="0.002"/>
  <testcase name="testFactorsIncludingALargePrime()" classname="PrimeFactorsCalculatorTest" time="0.003"/>
  <system-out><![CDATA[]]></system-out>
  <system-err><![CDATA[]]></system-err>
</testsuite>
