<?xml version="1.0" encoding="UTF-8"?>
<testsuite name="AffineCipherTest" tests="16" skipped="0" failures="0" errors="0" timestamp="2025-02-28T11:34:46" hostname="DESKTOP-PS9LSPL" time="0.282">
  <properties/>
  <testcase name="testEncodeOMG()" classname="AffineCipherTest" time="0.132"/>
  <testcase name="testEncodeYes()" classname="AffineCipherTest" time="0.005"/>
  <testcase name="testDecodeWithNoSpaces()" classname="AffineCipherTest" time="0.004"/>
  <testcase name="testEncodeMindBlowingly()" classname="AffineCipherTest" time="0.004"/>
  <testcase name="testEncodeNo()" classname="AffineCipherTest" time="0.004"/>
  <testcase name="testDecodeWithTooManySpaces()" classname="AffineCipherTest" time="0.003"/>
  <testcase name="testDecodeSentence()" classname="AffineCipherTest" time="0.006"/>
  <testcase name="testEncodeAllTheLetters()" classname="AffineCipherTest" time="0.003"/>
  <testcase name="testDecodeNumbers()" classname="AffineCipherTest" time="0.007"/>
  <testcase name="testDecodeExercism()" classname="AffineCipherTest" time="0.005"/>
  <testcase name="testEncodeDeepThought()" classname="AffineCipherTest" time="0.008"/>
  <testcase name="testDecodeThrowsMeaningfulException()" classname="AffineCipherTest" time="0.013"/>
  <testcase name="testDecodeAllTheLetters()" classname="AffineCipherTest" time="0.004"/>
  <testcase name="testEncodeNumbers()" classname="AffineCipherTest" time="0.004"/>
  <testcase name="testEncodeThrowsMeaningfulException()" classname="AffineCipherTest" time="0.003"/>
  <testcase name="testEncodeO_M_G()" classname="AffineCipherTest" time="0.011"/>
  <system-out><![CDATA[]]></system-out>
  <system-err><![CDATA[]]></system-err>
</testsuite>
