<?xml version="1.0" encoding="UTF-8"?>
<testsuite name="SimpleLinkedListTest" tests="7" skipped="0" failures="0" errors="0" timestamp="2025-03-22T08:22:37" hostname="GEGE" time="0.066">
  <properties/>
  <testcase name="canReturnListAsArray()" classname="SimpleLinkedListTest" time="0.036"/>
  <testcase name="reverseReversesList()" classname="SimpleLinkedListTest" time="0.01"/>
  <testcase name="canCreateFromArray()" classname="SimpleLinkedListTest" time="0.005"/>
  <testcase name="canReturnEmptyListAsEmptyArray()" classname="SimpleLinkedListTest" time="0.001"/>
  <testcase name="popOnEmptyListWillThrow()" classname="SimpleLinkedListTest" time="0.005"/>
  <testcase name="popReturnsLastAddedElement()" classname="SimpleLinkedListTest" time="0.001"/>
  <testcase name="aNewListIsEmpty()" classname="SimpleLinkedListTest" time="0.001"/>
  <system-out><![CDATA[]]></system-out>
  <system-err><![CDATA[]]></system-err>
</testsuite>
