<?xml version="1.0" encoding="UTF-8"?>
<testsuite name="GraphTest" tests="7" skipped="0" failures="0" errors="0" timestamp="2025-02-19T11:39:51" hostname="DESKTOP-PS9LSPL" time="0.219">
  <properties/>
  <testcase name="empty graph" classname="GraphTest" time="0.159"/>
  <testcase name="graph with attributes" classname="GraphTest" time="0.011"/>
  <testcase name="graph with one edge with keywords" classname="GraphTest" time="0.006"/>
  <testcase name="graph with one edge" classname="GraphTest" time="0.003"/>
  <testcase name="graph with one node" classname="GraphTest" time="0.004"/>
  <testcase name="graph with one attribute" classname="GraphTest" time="0.007"/>
  <testcase name="graph with one node with keywords" classname="GraphTest" time="0.003"/>
  <system-out><![CDATA[]]></system-out>
  <system-err><![CDATA[]]></system-err>
</testsuite>
