<?xml version="1.0" encoding="UTF-8"?>
<testsuite name="KillerSudokuHelperTest" tests="5" skipped="0" failures="0" errors="0" timestamp="2025-02-22T09:52:26" hostname="DESKTOP-PS9LSPL" time="2.77">
  <properties/>
  <testcase name="Cage with several combinations" classname="KillerSudokuHelperTest" time="2.604"/>
  <testcase name="Cage with several combinations that is restricted" classname="KillerSudokuHelperTest" time="0.006"/>
  <testcase name="Cage with only 1 possible combination" classname="KillerSudokuHelperTest" time="0.013"/>
  <testcase name="Cage with sum 45 contains all digits 1:9" classname="KillerSudokuHelperTest" time="0.089"/>
  <testcase name="Trivial 1-digit cages -&gt; 1 to 9" classname="KillerSudokuHelperTest" time="0.002"/>
  <system-out><![CDATA[]]></system-out>
  <system-err><![CDATA[]]></system-err>
</testsuite>
