<?xml version="1.0" encoding="UTF-8"?>
<testsuite name="FlattenerTest" tests="11" skipped="0" failures="0" errors="0" timestamp="2025-02-24T19:51:04" hostname="DESKTOP-PS9LSPL" time="0.237">
  <properties/>
  <testcase name="testSixLevelsOfNestingWithNulls()" classname="FlattenerTest" time="0.15"/>
  <testcase name="testNestedList()" classname="FlattenerTest" time="0.005"/>
  <testcase name="testASingleLevelOfNestingWithNoNulls()" classname="FlattenerTest" time="0.003"/>
  <testcase name="testFlatListIsPreserved()" classname="FlattenerTest" time="0.002"/>
  <testcase name="testEmpty()" classname="FlattenerTest" time="0.004"/>
  <testcase name="testFiveLevelsOfNestingWithNoNulls()" classname="FlattenerTest" time="0.002"/>
  <testcase name="testConsecutiveNullValuesInMiddleOfListAreOmitted()" classname="FlattenerTest" time="0.006"/>
  <testcase name="testNestedListsFullOfNullsOnly()" classname="FlattenerTest" time="0.006"/>
  <testcase name="testNullValuesAreOmitted()" classname="FlattenerTest" time="0.009"/>
  <testcase name="testConsecutiveNullValuesAtFrontOfListAreOmitted()" classname="FlattenerTest" time="0.004"/>
  <testcase name="testSixLevelsOfNestingWithNoNulls()" classname="FlattenerTest" time="0.003"/>
  <system-out><![CDATA[]]></system-out>
  <system-err><![CDATA[]]></system-err>
</testsuite>
