<?xml version="1.0" encoding="UTF-8"?>
<testsuite name="SpiralMatrixBuilderTest" tests="6" skipped="0" failures="0" errors="0" timestamp="2025-03-09T08:19:17" hostname="DESKTOP-PS9LSPL" time="0.898">
  <properties/>
  <testcase name="testTrivialSpiral()" classname="SpiralMatrixBuilderTest" time="0.845"/>
  <testcase name="testSpiralOfSize2()" classname="SpiralMatrixBuilderTest" time="0.002"/>
  <testcase name="testSpiralOfSize3()" classname="SpiralMatrixBuilderTest" time="0.009"/>
  <testcase name="testSpiralOfSize4()" classname="SpiralMatrixBuilderTest" time="0.002"/>
  <testcase name="testSpiralOfSize5()" classname="SpiralMatrixBuilderTest" time="0.002"/>
  <testcase name="testEmptySpiral()" classname="SpiralMatrixBuilderTest" time="0.02"/>
  <system-out><![CDATA[]]></system-out>
  <system-err><![CDATA[]]></system-err>
</testsuite>
