<?xml version="1.0" encoding="UTF-8"?>
<testsuite name="AnagramTest" tests="18" skipped="0" failures="0" errors="0" timestamp="2025-03-10T10:46:20" hostname="DESKTOP-PS9LSPL" time="0.49">
  <properties/>
  <testcase name="testCaseInsensitiveWhenBothAnagramAndSubjectStartWithUpperCaseLetter()" classname="AnagramTest" time="0.182"/>
  <testcase name="testEliminateAnagramSubsets()" classname="AnagramTest" time="0.015"/>
  <testcase name="testAnagramMustUseAllLettersExactlyOnce()" classname="AnagramTest" time="0.002"/>
  <testcase name="testIdenticalWordRepeatedIsNotAnagram()" classname="AnagramTest" time="0.002"/>
  <testcase name="testWordsAreNotAnagramsOfThemselvesEvenIfLetterCaseIsCompletelyDifferent()" classname="AnagramTest" time="0.022"/>
  <testcase name="testDetectsMultipleAnagramsWithDifferentCase()" classname="AnagramTest" time="0.009"/>
  <testcase name="testDifferentCharactersWithSameBytes()" classname="AnagramTest" time="0.008"/>
  <testcase name="testWordsOtherThanThemselvesCanBeAnagrams()" classname="AnagramTest" time="0.008"/>
  <testcase name="testDetectMultipleAnagramsForLongerWord()" classname="AnagramTest" time="0.005"/>
  <testcase name="testHandlesCaseOfGreekLetters()" classname="AnagramTest" time="0.003"/>
  <testcase name="testWordsAreNotAnagramsOfThemselvesCaseInsensitive()" classname="AnagramTest" time="0.008"/>
  <testcase name="testDetectsTwoAnagrams()" classname="AnagramTest" time="0.043"/>
  <testcase name="testCaseInsensitiveWhenSubjectStartsWithUpperCaseLetter()" classname="AnagramTest" time="0.007"/>
  <testcase name="testCaseInsensitiveWhenAnagramStartsWithUpperCaseLetter()" classname="AnagramTest" time="0.004"/>
  <testcase name="testWordsAreNotAnagramsOfThemselvesEvenIfLetterCaseIsPartiallyDifferent()" classname="AnagramTest" time="0.004"/>
  <testcase name="testDetectLongerAnagram()" classname="AnagramTest" time="0.006"/>
  <testcase name="testNoMatches()" classname="AnagramTest" time="0.02"/>
  <testcase name="testEliminateAnagramsWithSameChecksum()" classname="AnagramTest" time="0.007"/>
  <system-out><![CDATA[]]></system-out>
  <system-err><![CDATA[]]></system-err>
</testsuite>
