<?xml version="1.0" encoding="UTF-8"?>
<testsuite name="MatrixTest" tests="8" skipped="0" failures="0" errors="0" timestamp="2025-02-22T20:31:42" hostname="DESKTOP-PS9LSPL" time="0.415">
  <properties/>
  <testcase name="extractRowFromOneNumberMatrixTest()" classname="MatrixTest" time="0.303"/>
  <testcase name="extractRowFromDiffWidthsMatrixTest()" classname="MatrixTest" time="0.012"/>
  <testcase name="extractColumnFromNonSquareMatrixTest()" classname="MatrixTest" time="0.006"/>
  <testcase name="extractColumnFromDiffWidthsMatrixTest()" classname="MatrixTest" time="0.003"/>
  <testcase name="extractColumnMatrixTest()" classname="MatrixTest" time="0.013"/>
  <testcase name="extractRowFromMatrixTest()" classname="MatrixTest" time="0.003"/>
  <testcase name="extractColumnFromOneNumberMatrixTest()" classname="MatrixTest" time="0.003"/>
  <testcase name="extractRowFromNonSquareMatrixTest()" classname="MatrixTest" time="0.002"/>
  <system-out><![CDATA[]]></system-out>
  <system-err><![CDATA[]]></system-err>
</testsuite>
