<?xml version="1.0" encoding="UTF-8"?>
<testsuite name="LedgerTest" tests="11" skipped="0" failures="0" errors="0" timestamp="2025-02-25T09:40:11" hostname="DESKTOP-PS9LSPL" time="0.256">
  <properties/>
  <testcase name="dutchLocaleAndEuros()" classname="LedgerTest" time="0.143"/>
  <testcase name="emptyLedgerUS()" classname="LedgerTest" time="0.004"/>
  <testcase name="creditAndDebit()" classname="LedgerTest" time="0.007"/>
  <testcase name="euros()" classname="LedgerTest" time="0.006"/>
  <testcase name="dutchNegativeNumberWith3DigitsBeforeDecimalPoint()" classname="LedgerTest" time="0.008"/>
  <testcase name="americanNegativeNumberWith3DigitsBeforeDecimalPoint()" classname="LedgerTest" time="0.007"/>
  <testcase name="finalOrderTieBreakerIsChange()" classname="LedgerTest" time="0.007"/>
  <testcase name="dutchLocale()" classname="LedgerTest" time="0.004"/>
  <testcase name="multipleEntriesOnSameDateOrderedByDescription()" classname="LedgerTest" time="0.01"/>
  <testcase name="overlongDescriptions()" classname="LedgerTest" time="0.009"/>
  <testcase name="oneEntry()" classname="LedgerTest" time="0.006"/>
  <system-out><![CDATA[]]></system-out>
  <system-err><![CDATA[]]></system-err>
</testsuite>
