<?xml version="1.0" encoding="UTF-8"?>
<testsuite name="RestApiTest" tests="9" skipped="0" failures="0" errors="0" timestamp="2025-03-08T20:59:35" hostname="DESKTOP-PS9LSPL" time="0.225">
  <properties/>
  <testcase name="lenderOwesBorrowerLessThanNewLoan()" classname="RestApiTest" time="0.123"/>
  <testcase name="addUser()" classname="RestApiTest" time="0.004"/>
  <testcase name="lenderOwesBorrowerSameAsNewLoan()" classname="RestApiTest" time="0.003"/>
  <testcase name="bothUsersHave0Balance()" classname="RestApiTest" time="0.005"/>
  <testcase name="lenderHasNegativeBalance()" classname="RestApiTest" time="0.005"/>
  <testcase name="getSingleUser()" classname="RestApiTest" time="0.004"/>
  <testcase name="lenderOwesBorrower()" classname="RestApiTest" time="0.011"/>
  <testcase name="borrowerHasNegativeBalance()" classname="RestApiTest" time="0.006"/>
  <testcase name="noUsers()" classname="RestApiTest" time="0.005"/>
  <system-out><![CDATA[]]></system-out>
  <system-err><![CDATA[]]></system-err>
</testsuite>
