<?xml version="1.0" encoding="UTF-8"?>
<testsuite name="ProverbTest" tests="6" skipped="0" failures="0" errors="0" timestamp="2025-02-23T10:19:09" hostname="DESKTOP-PS9LSPL" time="0.268">
  <properties/>
  <testcase name="shortChainOfConsequences()" classname="ProverbTest" time="0.174"/>
  <testcase name="fullProverb()" classname="ProverbTest" time="0.003"/>
  <testcase name="zeroWordsAreGiven()" classname="ProverbTest" time="0.043"/>
  <testcase name="singlePieceOfProverb()" classname="ProverbTest" time="0.007"/>
  <testcase name="twoPiecesOfProverb()" classname="ProverbTest" time="0.005"/>
  <testcase name="fourPiecesModernizedProverb()" classname="ProverbTest" time="0.002"/>
  <system-out><![CDATA[]]></system-out>
  <system-err><![CDATA[]]></system-err>
</testsuite>
