<?xml version="1.0" encoding="UTF-8"?>
<testsuite name="BottleSongTest" tests="7" skipped="0" failures="0" errors="0" timestamp="2025-03-04T09:53:43" hostname="DESKTOP-PS9LSPL" time="0.205">
  <properties/>
  <testcase name="lastThreeVerses()" classname="BottleSongTest" time="0.164"/>
  <testcase name="lastGenericVerse()" classname="BottleSongTest" time="0.004"/>
  <testcase name="allVerses()" classname="BottleSongTest" time="0.002"/>
  <testcase name="verseWithOneBottle()" classname="BottleSongTest" time="0.002"/>
  <testcase name="verseWithTwoBottles()" classname="BottleSongTest" time="0.006"/>
  <testcase name="firstGenericVerse()" classname="BottleSongTest" time="0.002"/>
  <testcase name="firstTwoVerses()" classname="BottleSongTest" time="0.002"/>
  <system-out><![CDATA[]]></system-out>
  <system-err><![CDATA[]]></system-err>
</testsuite>
