<?xml version="1.0" encoding="UTF-8"?>
<testsuite name="SeriesTest" tests="11" skipped="0" failures="0" errors="0" timestamp="2025-02-26T15:28:59" hostname="DESKTOP-PS9LSPL" time="0.276">
  <properties/>
  <testcase name="slicesOfTwo()" classname="SeriesTest" time="0.152"/>
  <testcase name="sliceLengthNegative()" classname="SeriesTest" time="0.02"/>
  <testcase name="slicesOfTwoOverlap()" classname="SeriesTest" time="0.004"/>
  <testcase name="slicesOfLongSeries()" classname="SeriesTest" time="0.002"/>
  <testcase name="slicesOfOneFromOne()" classname="SeriesTest" time="0.002"/>
  <testcase name="slicesOfOneFromTwo()" classname="SeriesTest" time="0.003"/>
  <testcase name="sliceLengthZero()" classname="SeriesTest" time="0.002"/>
  <testcase name="sliceLengthIsWayToolarge()" classname="SeriesTest" time="0.003"/>
  <testcase name="sliceLengthIsToolarge()" classname="SeriesTest" time="0.012"/>
  <testcase name="slicesIncludeDuplicates()" classname="SeriesTest" time="0.016"/>
  <testcase name="emptySeries()" classname="SeriesTest" time="0.008"/>
  <system-out><![CDATA[]]></system-out>
  <system-err><![CDATA[]]></system-err>
</testsuite>
