<?xml version="1.0" encoding="UTF-8"?>
<testsuite name="RobotTest" tests="18" skipped="0" failures="0" errors="0" timestamp="2025-03-08T21:24:53" hostname="DESKTOP-PS9LSPL" time="0.347">
  <properties/>
  <testcase name="movingWestAndNorth()" classname="RobotTest" time="0.154"/>
  <testcase name="movingWestAndSouth()" classname="RobotTest" time="0.011"/>
  <testcase name="atNegativePositionFacingSouth()" classname="RobotTest" time="0.008"/>
  <testcase name="movingEastAndNorth()" classname="RobotTest" time="0.004"/>
  <testcase name="changesNorthToEast()" classname="RobotTest" time="0.003"/>
  <testcase name="changesNorthToWest()" classname="RobotTest" time="0.002"/>
  <testcase name="changesEastToNorth()" classname="RobotTest" time="0.02"/>
  <testcase name="changesEastToSouth()" classname="RobotTest" time="0.003"/>
  <testcase name="facingWestDecrementsX()" classname="RobotTest" time="0.005"/>
  <testcase name="atOriginFacingNorth()" classname="RobotTest" time="0.008"/>
  <testcase name="facingSouthDecrementsY()" classname="RobotTest" time="0.006"/>
  <testcase name="movingEastAndNorthFromReadme()" classname="RobotTest" time="0.003"/>
  <testcase name="changesWestToNorth()" classname="RobotTest" time="0.006"/>
  <testcase name="changesWestToSouth()" classname="RobotTest" time="0.004"/>
  <testcase name="facingNorthIncrementsY()" classname="RobotTest" time="0.007"/>
  <testcase name="changesSouthToEast()" classname="RobotTest" time="0.002"/>
  <testcase name="changesSouthToWest()" classname="RobotTest" time="0.004"/>
  <testcase name="facingEastIncrementsX()" classname="RobotTest" time="0.003"/>
  <system-out><![CDATA[]]></system-out>
  <system-err><![CDATA[]]></system-err>
</testsuite>
