<?xml version="1.0" encoding="UTF-8"?>
<testsuite name="MatrixTest" tests="9" skipped="0" failures="0" errors="0" timestamp="2025-02-23T12:36:35" hostname="DESKTOP-PS9LSPL" time="0.243">
  <properties/>
  <testcase name="testCanIdentifyMultipleSaddlePointsInAColumn()" classname="MatrixTest" time="0.163"/>
  <testcase name="testCanIdentifyThatEmptyMatrixHasNoSaddlePoints()" classname="MatrixTest" time="0.003"/>
  <testcase name="testCanIdentifySaddlePointInBottomRightCorner()" classname="MatrixTest" time="0.002"/>
  <testcase name="testCanIdentifyMultipleSaddlePointsInARow()" classname="MatrixTest" time="0.001"/>
  <testcase name="testCanIdentifySaddlePointsInANonSquareMatrix()" classname="MatrixTest" time="0.003"/>
  <testcase name="testCanIdentifyThatSaddlePointsInASingleRowMatrixAreThoseWithMaximumValue()" classname="MatrixTest" time="0.002"/>
  <testcase name="testCanIdentifyLackOfSaddlePointsWhenThereAreNone()" classname="MatrixTest" time="0.001"/>
  <testcase name="testCanIdentifySingleSaddlePoint()" classname="MatrixTest" time="0.047"/>
  <testcase name="testCanIdentifyThatSaddlePointsInASingleColumnMatrixAreThoseWithMinimumValue()" classname="MatrixTest" time="0.004"/>
  <system-out><![CDATA[]]></system-out>
  <system-err><![CDATA[]]></system-err>
</testsuite>
