<?xml version="1.0" encoding="UTF-8"?>
<testsuite name="BracketCheckerTest" tests="20" skipped="0" failures="0" errors="0" timestamp="2025-02-25T10:38:22" hostname="DESKTOP-PS9LSPL" time="0.506">
  <properties/>
  <testcase name="testPairedWithWhitespace()" classname="BracketCheckerTest" time="0.216"/>
  <testcase name="testPairedAndWrongNestedBrackets()" classname="BracketCheckerTest" time="0.004"/>
  <testcase name="testWrongOrderedBrackets()" classname="BracketCheckerTest" time="0.029"/>
  <testcase name="testUnopenedClosingBracket()" classname="BracketCheckerTest" time="0.005"/>
  <testcase name="testComplexLatexExpression()" classname="BracketCheckerTest" time="0.004"/>
  <testcase name="testSimpleNestedBrackets()" classname="BracketCheckerTest" time="0.006"/>
  <testcase name="testUnpairedAndNestedBrackets()" classname="BracketCheckerTest" time="0.006"/>
  <testcase name="testTooManyClosingBrackets()" classname="BracketCheckerTest" time="0.015"/>
  <testcase name="testWrongClosingBracket()" classname="BracketCheckerTest" time="0.001"/>
  <testcase name="testPairedAndIncompleteBrackets()" classname="BracketCheckerTest" time="0.003"/>
  <testcase name="testEarlyMismatchedBrackets()" classname="BracketCheckerTest" time="0.005"/>
  <testcase name="testEmptyString()" classname="BracketCheckerTest" time="0.007"/>
  <testcase name="testPairedAndWrongNestedBracketsButInnermostAreCorrect()" classname="BracketCheckerTest" time="0.001"/>
  <testcase name="testPartiallyPairedBrackets()" classname="BracketCheckerTest" time="0.007"/>
  <testcase name="testMathExpression()" classname="BracketCheckerTest" time="0.019"/>
  <testcase name="testPairedSquareBrackets()" classname="BracketCheckerTest" time="0.016"/>
  <testcase name="testPairedAndNestedBrackets()" classname="BracketCheckerTest" time="0.01"/>
  <testcase name="testUnpairedBrackets()" classname="BracketCheckerTest" time="0.006"/>
  <testcase name="testSeveralPairedBrackets()" classname="BracketCheckerTest" time="0.007"/>
  <testcase name="testEarlyUnexpectedBrackets()" classname="BracketCheckerTest" time="0.009"/>
  <system-out><![CDATA[]]></system-out>
  <system-err><![CDATA[]]></system-err>
</testsuite>
