<?xml version="1.0" encoding="UTF-8"?>
<testsuite name="IsbnVerifierTest" tests="20" skipped="0" failures="0" errors="0" timestamp="2025-02-22T08:08:42" hostname="DESKTOP-PS9LSPL" time="0.536">
  <properties/>
  <testcase name="isbnWithoutCheckDigit()" classname="IsbnVerifierTest" time="0.193"/>
  <testcase name="invalidCharacterInIsbn()" classname="IsbnVerifierTest" time="0.004"/>
  <testcase name="invalidCharactersAreNotIgnoredAfterCheckingLength()" classname="IsbnVerifierTest" time="0.066"/>
  <testcase name="emptyIsbn()" classname="IsbnVerifierTest" time="0.012"/>
  <testcase name="validIsbnNumberWithCheckDigitOfTen()" classname="IsbnVerifierTest" time="0.002"/>
  <testcase name="tooShortIsbn()" classname="IsbnVerifierTest" time="0.002"/>
  <testcase name="checkDigitIsACharacterOtherThanX()" classname="IsbnVerifierTest" time="0.002"/>
  <testcase name="tooLongIsbnAndNoDashes()" classname="IsbnVerifierTest" time="0.007"/>
  <testcase name="xIsOnlyValidAsACheckDigit()" classname="IsbnVerifierTest" time="0.002"/>
  <testcase name="invalidCharactersAreNotIgnoredBeforeCheckingLength()" classname="IsbnVerifierTest" time="0.013"/>
  <testcase name="inputIsNineCharacters()" classname="IsbnVerifierTest" time="0.004"/>
  <testcase name="isbnWithoutSeparatingDashesAndXAsCheckDigit()" classname="IsbnVerifierTest" time="0.003"/>
  <testcase name="validIsbnNumber()" classname="IsbnVerifierTest" time="0.024"/>
  <testcase name="isbnWithoutCheckDigitAndDashes()" classname="IsbnVerifierTest" time="0.008"/>
  <testcase name="invalidCheckDigitInIsbn()" classname="IsbnVerifierTest" time="0.005"/>
  <testcase name="validIsbnWithoutSeparatingDashes()" classname="IsbnVerifierTest" time="0.006"/>
  <testcase name="inputIsTooLongButContainsAValidIsbn()" classname="IsbnVerifierTest" time="0.013"/>
  <testcase name="checkDigitOfXShouldNotBeUsedForZero()" classname="IsbnVerifierTest" time="0.008"/>
  <testcase name="validIsbnNumberWithCheckDigitPaddedWithLettersIsInvalid()" classname="IsbnVerifierTest" time="0.01"/>
  <testcase name="invalidIsbnCheckDigit()" classname="IsbnVerifierTest" time="0.02"/>
  <system-out><![CDATA[]]></system-out>
  <system-err><![CDATA[]]></system-err>
</testsuite>
