<?xml version="1.0" encoding="UTF-8"?>
<testsuite name="PigLatinTranslatorTest" tests="23" skipped="0" failures="0" errors="0" timestamp="2025-02-25T16:43:38" hostname="DESKTOP-PS9LSPL" time="0.382">
  <properties/>
  <testcase name="testYAsSecondLetterInTwoLetterWord()" classname="PigLatinTranslatorTest" time="0.18"/>
  <testcase name="testAWholePhrase()" classname="PigLatinTranslatorTest" time="0.009"/>
  <testcase name="testWordBeginningWithQWithoutAFollowingU()" classname="PigLatinTranslatorTest" time="0.005"/>
  <testcase name="testWordBeginningWithA()" classname="PigLatinTranslatorTest" time="0.003"/>
  <testcase name="testWordBeginningWithE()" classname="PigLatinTranslatorTest" time="0.005"/>
  <testcase name="testWordBeginningWithI()" classname="PigLatinTranslatorTest" time="0.006"/>
  <testcase name="testWordBeginningWithK()" classname="PigLatinTranslatorTest" time="0.006"/>
  <testcase name="testWordBeginningWithO()" classname="PigLatinTranslatorTest" time="0.006"/>
  <testcase name="testWordBeginningWithP()" classname="PigLatinTranslatorTest" time="0.003"/>
  <testcase name="testWordBeginningWithU()" classname="PigLatinTranslatorTest" time="0.002"/>
  <testcase name="testWordBeginningWithX()" classname="PigLatinTranslatorTest" time="0.002"/>
  <testcase name="testWordBeginningWithConsonantAndVowelContainingQu()" classname="PigLatinTranslatorTest" time="0.002"/>
  <testcase name="testYTreatedLikeAConsonantAtTheBeginningOfAWord()" classname="PigLatinTranslatorTest" time="0.004"/>
  <testcase name="testQuAndAPrecedingConsonantTreatedLikeAConsonantAtTheBeginningOfAWord()" classname="PigLatinTranslatorTest" time="0.007"/>
  <testcase name="testWordBeginningWithVowelAndFollowedByQu()" classname="PigLatinTranslatorTest" time="0.005"/>
  <testcase name="testThTreatedLikeAConsonantAtTheBeginningOfAWord()" classname="PigLatinTranslatorTest" time="0.002"/>
  <testcase name="testSchTreatedLikeAConsonantAtTheBeginningOfAWord()" classname="PigLatinTranslatorTest" time="0.003"/>
  <testcase name="testChTreatedLikeAConsonantAtTheBeginningOfAWord()" classname="PigLatinTranslatorTest" time="0.01"/>
  <testcase name="testYTreatedLikeAVowelAtTheEndOfAConsonantCluster()" classname="PigLatinTranslatorTest" time="0.005"/>
  <testcase name="testYtTreatedLikeAVowelAtTheBeginningOfAWord()" classname="PigLatinTranslatorTest" time="0.003"/>
  <testcase name="testQuTreatedLikeAConsonantAtTheBeginningOfAWord()" classname="PigLatinTranslatorTest" time="0.01"/>
  <testcase name="testThrTreatedLikeAConsonantAtTheBeginningOfAWord()" classname="PigLatinTranslatorTest" time="0.003"/>
  <testcase name="testXrTreatedLikeAVowelAtTheBeginningOfAWord()" classname="PigLatinTranslatorTest" time="0.007"/>
  <system-out><![CDATA[]]></system-out>
  <system-err><![CDATA[]]></system-err>
</testsuite>
