<?xml version="1.0" encoding="UTF-8"?>
<testsuite name="DiamondPrinterTest" tests="5" skipped="0" failures="0" errors="0" timestamp="2025-02-21T20:57:51" hostname="DESKTOP-PS9LSPL" time="0.366">
  <properties/>
  <testcase name="testFourByFourDiamond()" classname="DiamondPrinterTest" time="0.283"/>
  <testcase name="testFullDiamond()" classname="DiamondPrinterTest" time="0.029"/>
  <testcase name="testThreeByThreeDiamond()" classname="DiamondPrinterTest" time="0.005"/>
  <testcase name="testOneByOneDiamond()" classname="DiamondPrinterTest" time="0.003"/>
  <testcase name="testTwoByTwoDiamond()" classname="DiamondPrinterTest" time="0.014"/>
  <system-out><![CDATA[]]></system-out>
  <system-err><![CDATA[]]></system-err>
</testsuite>
