<?xml version="1.0" encoding="UTF-8"?>
<testsuite name="BinarySearchTest" tests="11" skipped="0" failures="0" errors="0" timestamp="2025-03-04T08:14:38" hostname="DESKTOP-PS9LSPL" time="0.34">
  <properties/>
  <testcase name="identifiesThatAValueIsNotFoundInTheArray()" classname="BinarySearchTest" time="0.145"/>
  <testcase name="nothingIsFoundWhenTheLeftAndRightBoundCross()" classname="BinarySearchTest" time="0.003"/>
  <testcase name="findsAValueInAnArrayWithOneElement()" classname="BinarySearchTest" time="0.019"/>
  <testcase name="findsAValueInAnArrayOfOddLength()" classname="BinarySearchTest" time="0.008"/>
  <testcase name="findsAValueAtTheEndOfAnArray()" classname="BinarySearchTest" time="0.015"/>
  <testcase name="aValueSmallerThanTheArraysSmallestValueIsNotFound()" classname="BinarySearchTest" time="0.008"/>
  <testcase name="findsAValueInAnArrayOfEvenLength()" classname="BinarySearchTest" time="0.013"/>
  <testcase name="findsAValueAtTheBeginningOfAnArray()" classname="BinarySearchTest" time="0.008"/>
  <testcase name="nothingIsFoundInAnEmptyArray()" classname="BinarySearchTest" time="0.021"/>
  <testcase name="findsAValueInTheMiddleOfAnArray()" classname="BinarySearchTest" time="0.005"/>
  <testcase name="aValueLargerThanTheArraysLargestValueIsNotFound()" classname="BinarySearchTest" time="0.005"/>
  <system-out><![CDATA[]]></system-out>
  <system-err><![CDATA[]]></system-err>
</testsuite>
