<?xml version="1.0" encoding="UTF-8"?>
<testsuite name="SieveTest" tests="5" skipped="0" failures="0" errors="0" timestamp="2025-02-23T16:23:50" hostname="DESKTOP-PS9LSPL" time="0.238">
  <properties/>
  <testcase name="findFirstPrime()" classname="SieveTest" time="0.215"/>
  <testcase name="noPrimesUnder2()" classname="SieveTest" time="0.003"/>
  <testcase name="findPrimesUpTo1000()" classname="SieveTest" time="0.002"/>
  <testcase name="limitIsPrime()" classname="SieveTest" time="0.002"/>
  <testcase name="findPrimesUpTo10()" classname="SieveTest" time="0.001"/>
  <system-out><![CDATA[]]></system-out>
  <system-err><![CDATA[]]></system-err>
</testsuite>
