<?xml version="1.0" encoding="UTF-8"?>
<testsuite name="ParallelLetterFrequencyTest" tests="13" skipped="0" failures="0" errors="0" timestamp="2025-03-07T08:55:35" hostname="DESKTOP-PS9LSPL" time="0.449">
  <properties/>
  <testcase name="testTwoTextsWithOneLetter()" classname="ParallelLetterFrequencyTest" time="0.286"/>
  <testcase name="testIgnoreWhitespace()" classname="ParallelLetterFrequencyTest" time="0.003"/>
  <testcase name="testOneTextWithOneLetter()" classname="ParallelLetterFrequencyTest" time="0.013"/>
  <testcase name="testManySmallTexts()" classname="ParallelLetterFrequencyTest" time="0.02"/>
  <testcase name="testOneTextWithMultipleLetters()" classname="ParallelLetterFrequencyTest" time="0.002"/>
  <testcase name="testCombinationOfLowerAndUppercaseLettersPunctuationAndWhiteSpace()" classname="ParallelLetterFrequencyTest" time="0.005"/>
  <testcase name="testIgnorePunctuation()" classname="ParallelLetterFrequencyTest" time="0.008"/>
  <testcase name="testTwoTextsWithMultipleLetters()" classname="ParallelLetterFrequencyTest" time="0.006"/>
  <testcase name="testIgnoreLetterCasing()" classname="ParallelLetterFrequencyTest" time="0.003"/>
  <testcase name="testIgnoreNumbers()" classname="ParallelLetterFrequencyTest" time="0.003"/>
  <testcase name="testLargeTexts()" classname="ParallelLetterFrequencyTest" time="0.012"/>
  <testcase name="testUnicodeLetters()" classname="ParallelLetterFrequencyTest" time="0.01"/>
  <testcase name="testNoTexts()" classname="ParallelLetterFrequencyTest" time="0.002"/>
  <system-out><![CDATA[]]></system-out>
  <system-err><![CDATA[]]></system-err>
</testsuite>
