<?xml version="1.0" encoding="UTF-8"?>
<testsuite name="TournamentTest" tests="12" skipped="0" failures="0" errors="0" timestamp="2025-03-09T10:14:48" hostname="DESKTOP-PS9LSPL" time="0.283">
  <properties/>
  <testcase name="typicalInput()" classname="TournamentTest" time="0.131"/>
  <testcase name="incompleteCompetition()" classname="TournamentTest" time="0.007"/>
  <testcase name="justTheHeaderIfNoInput()" classname="TournamentTest" time="0.003"/>
  <testcase name="pointsSortedNumerically()" classname="TournamentTest" time="0.01"/>
  <testcase name="aWinCanAlsoBeExpressedAsALoss()" classname="TournamentTest" time="0.013"/>
  <testcase name="aDifferentTeamCanWin()" classname="TournamentTest" time="0.007"/>
  <testcase name="tiesBrokenAlphabetically()" classname="TournamentTest" time="0.008"/>
  <testcase name="aWinIsThreePointsALossIsZeroPoints()" classname="TournamentTest" time="0.008"/>
  <testcase name="thereCanBeMoreThanTwoTeams()" classname="TournamentTest" time="0.01"/>
  <testcase name="thereCanBeMoreThanOneMatch()" classname="TournamentTest" time="0.009"/>
  <testcase name="thereCanBeMoreThanOneWinner()" classname="TournamentTest" time="0.006"/>
  <testcase name="aDrawIsOnePointEach()" classname="TournamentTest" time="0.005"/>
  <system-out><![CDATA[]]></system-out>
  <system-err><![CDATA[]]></system-err>
</testsuite>
