<?xml version="1.0" encoding="UTF-8"?>
<testsuite name="CaptainsLogTest" tests="6" skipped="0" failures="0" errors="0" timestamp="2025-02-18T18:22:46" hostname="DESKTOP-PS9LSPL" time="0.191">
  <properties/>
  <testcase name="Generating a random stardate" classname="CaptainsLogTest" time="0.125"/>
  <testcase name="Generated stardates are valid" classname="CaptainsLogTest" time="0.008"/>
  <testcase name="Generated ship registry numbers are valid" classname="CaptainsLogTest" time="0.013"/>
  <testcase name="Generating a random ship registry number" classname="CaptainsLogTest" time="0.009"/>
  <testcase name="Generated planet classes are valid" classname="CaptainsLogTest" time="0.009"/>
  <testcase name="Generating a random planet class" classname="CaptainsLogTest" time="0.004"/>
  <system-out><![CDATA[]]></system-out>
  <system-err><![CDATA[]]></system-err>
</testsuite>
