<?xml version="1.0" encoding="UTF-8"?>
<testsuite name="BaseConverterTest" tests="20" skipped="0" failures="0" errors="0" timestamp="2025-02-28T11:53:38" hostname="DESKTOP-PS9LSPL" time="0.463">
  <properties/>
  <testcase name="testSingleDecimalToBinary()" classname="BaseConverterTest" time="0.187"/>
  <testcase name="testDecimalToBinary()" classname="BaseConverterTest" time="0.011"/>
  <testcase name="testFirstBaseIsOne()" classname="BaseConverterTest" time="0.023"/>
  <testcase name="testBinaryToSingleDecimal()" classname="BaseConverterTest" time="0.006"/>
  <testcase name="testFirstBaseIsZero()" classname="BaseConverterTest" time="0.007"/>
  <testcase name="testLeadingZeros()" classname="BaseConverterTest" time="0.011"/>
  <testcase name="testTrinaryToHexadecimal()" classname="BaseConverterTest" time="0.01"/>
  <testcase name="testHexadecimalToTrinary()" classname="BaseConverterTest" time="0.004"/>
  <testcase name="testSecondBaseIsZero()" classname="BaseConverterTest" time="0.015"/>
  <testcase name="testEmptyDigits()" classname="BaseConverterTest" time="0.002"/>
  <testcase name="testSingleZero()" classname="BaseConverterTest" time="0.002"/>
  <testcase name="testBinaryToMultipleDecimal()" classname="BaseConverterTest" time="0.001"/>
  <testcase name="testSecondBaseIsNegative()" classname="BaseConverterTest" time="0.002"/>
  <testcase name="test15BitInteger()" classname="BaseConverterTest" time="0.042"/>
  <testcase name="testSingleBitOneToDecimal()" classname="BaseConverterTest" time="0.008"/>
  <testcase name="testInvalidPositiveDigit()" classname="BaseConverterTest" time="0.014"/>
  <testcase name="testMultipleZeros()" classname="BaseConverterTest" time="0.002"/>
  <testcase name="testNegativeDigit()" classname="BaseConverterTest" time="0.006"/>
  <testcase name="testFirstBaseIsNegative()" classname="BaseConverterTest" time="0.005"/>
  <testcase name="testSecondBaseIsOne()" classname="BaseConverterTest" time="0.003"/>
  <system-out><![CDATA[]]></system-out>
  <system-err><![CDATA[]]></system-err>
</testsuite>
