<?xml version="1.0" encoding="UTF-8"?>
<testsuite name="TwoferTest" tests="3" skipped="0" failures="0" errors="0" timestamp="2025-02-19T07:43:46" hostname="DESKTOP-PS9LSPL" time="0.16">
  <properties/>
  <testcase name="noNameGiven()" classname="TwoferTest" time="0.131"/>
  <testcase name="aNameGiven()" classname="TwoferTest" time="0.013"/>
  <testcase name="anotherNameGiven()" classname="TwoferTest" time="0.008"/>
  <system-out><![CDATA[]]></system-out>
  <system-err><![CDATA[]]></system-err>
</testsuite>
