<?xml version="1.0" encoding="UTF-8"?>
<testsuite name="TriangleTest" tests="21" skipped="0" failures="0" errors="0" timestamp="2025-02-24T09:59:12" hostname="DESKTOP-PS9LSPL" time="0.328">
  <properties/>
  <testcase name="verySmallTrianglesCanBeEquilateral()" classname="TriangleTest" time="0.114"/>
  <testcase name="isoscelesTrianglesHaveLastTwoSidesEqual()" classname="TriangleTest" time="0.004"/>
  <testcase name="trianglesWithOneUnequalSideAreNotEquilateral()" classname="TriangleTest" time="0.007"/>
  <testcase name="scaleneTrianglesHaveNoEqualSides()" classname="TriangleTest" time="0.004"/>
  <testcase name="trianglesWithNoEqualSidesAreNotEquilateral()" classname="TriangleTest" time="0.003"/>
  <testcase name="isoscelesTrianglesHaveFirstAndLastSidesEqual()" classname="TriangleTest" time="0.005"/>
  <testcase name="mayNotViolateTriangleInequality()" classname="TriangleTest" time="0.008"/>
  <testcase name="firstTriangleInequalityViolation()" classname="TriangleTest" time="0.007"/>
  <testcase name="twoSidesEqualAreNotScalene()" classname="TriangleTest" time="0.002"/>
  <testcase name="firstAndThirdSidesAreEqualAreNotScalene()" classname="TriangleTest" time="0.009"/>
  <testcase name="thirdTriangleInequalityViolation()" classname="TriangleTest" time="0.004"/>
  <testcase name="secondAndThirdSidesAreEqualAreNotScalene()" classname="TriangleTest" time="0.005"/>
  <testcase name="allSidesEqualAreNotScalene()" classname="TriangleTest" time="0.002"/>
  <testcase name="equilateralTrianglesHaveEqualSides()" classname="TriangleTest" time="0.003"/>
  <testcase name="trianglesWithNoSizeAreIllegal()" classname="TriangleTest" time="0.002"/>
  <testcase name="isoscelesTrianglesHaveTwoFirstSidesEqual()" classname="TriangleTest" time="0.01"/>
  <testcase name="equilateralTrianglesAreAlsoIsosceles()" classname="TriangleTest" time="0.003"/>
  <testcase name="verySmallTrianglesCanBeIsosceles()" classname="TriangleTest" time="0.001"/>
  <testcase name="noSidesAreEqualCantBeIsoceles()" classname="TriangleTest" time="0.003"/>
  <testcase name="secondTriangleInequalityViolation()" classname="TriangleTest" time="0.007"/>
  <testcase name="verySmallTrianglesCanBeScalene()" classname="TriangleTest" time="0.007"/>
  <system-out><![CDATA[]]></system-out>
  <system-err><![CDATA[]]></system-err>
</testsuite>
